<?xml version="1.0" encoding="UTF-8"?>
<testsuite xmlns:xsi="http://www.w3.org/2001/XMLSchema-instance" xsi:noNamespaceSchemaLocation="https://maven.apache.org/surefire/maven-surefire-plugin/xsd/surefire-test-report.xsd" version="3.0.2" name="com.visionmapping.controller.HealthControllerTests" time="2.145" tests="1" errors="0" skipped="0" failures="0">
  <properties>
[...]
</properties>
  <testcase name="healthReturnsUpStatus" classname="com.visionmapping.controller.HealthControllerTests" time="0.04">
    <system-out><![CDATA[11:54:42.192 [main] INFO org.springframework.test.context.support.AnnotationConfigContextLoaderUtils -- Could not detect default configuration classes for test class [com.visionmapping.controller.HealthControllerTests]: HealthControllerTests does not declare any static, non-private, non-final, nested classes annotated with @Configuration.
11:54:42.255 [main] INFO org.springframework.boot.test.context.SpringBootTestContextBootstrapper -- Found @SpringBootConfiguration com.visionmapping.VisionMappingApplication for test class com.visionmapping.controller.HealthControllerTests
11:54:42.309 [main] INFO org.springframework.boot.devtools.restart.RestartApplicationListener -- Restart disabled due to context in which it is running

  .   ____          _            __ _ _
 /\\ / ___'_ __ _ _(_)_ __  __ _ \ \ \ \
( ( )\___ | '_ | '_| | '_ \/ _` | \ \ \ \
 \\/  ___)| |_)| | | | | || (_| |  ) ) ) )
  '  |____| .__|_| |_|_| |_\__, | / / / /
 =========|_|==============|___/=/_/_/_/

 :: Spring Boot ::                (v3.5.3)

2026-07-05T11:54:42.440+07:00  INFO 64171 --- [vision-mapping-backend] [           main] c.v.controller.HealthControllerTests     : Starting HealthControllerTests using Java 17.0.18 with PID 64171 (started by sotsirymony in /Users/sotsirymony/Desktop/Vision Map Management System Java Ract/backend)
2026-07-05T11:54:42.441+07:00  INFO 64171 --- [vision-mapping-backend] [           main] c.v.controller.HealthControllerTests     : The following 1 profile is active: "test"
2026-07-05T11:54:42.726+07:00  INFO 64171 --- [vision-mapping-backend] [           main] .s.d.r.c.RepositoryConfigurationDelegate : Bootstrapping Spring Data JPA repositories in DEFAULT mode.
2026-07-05T11:54:42.758+07:00  INFO 64171 --- [vision-mapping-backend] [           main] .s.d.r.c.RepositoryConfigurationDelegate : Finished Spring Data repository scanning in 27 ms. Found 11 JPA repository interfaces.
2026-07-05T11:54:42.978+07:00  INFO 64171 --- [vision-mapping-backend] [           main] com.zaxxer.hikari.HikariDataSource       : HikariPool-1 - Starting...
2026-07-05T11:54:43.063+07:00  INFO 64171 --- [vision-mapping-backend] [           main] com.zaxxer.hikari.pool.HikariPool        : HikariPool-1 - Added connection conn0: url=jdbc:h2:mem:vision_mapping_test user=SA
2026-07-05T11:54:43.064+07:00  INFO 64171 --- [vision-mapping-backend] [           main] com.zaxxer.hikari.HikariDataSource       : HikariPool-1 - Start completed.
2026-07-05T11:54:43.084+07:00  INFO 64171 --- [vision-mapping-backend] [           main] org.flywaydb.core.FlywayExecutor         : Database: jdbc:h2:mem:vision_mapping_test (H2 2.3)
2026-07-05T11:54:43.099+07:00  INFO 64171 --- [vision-mapping-backend] [           main] o.f.c.i.s.JdbcTableSchemaHistory         : Schema history table "public"."flyway_schema_history" does not exist yet
2026-07-05T11:54:43.100+07:00  INFO 64171 --- [vision-mapping-backend] [           main] o.f.core.internal.command.DbValidate     : Successfully validated 3 migrations (execution time 00:00.005s)
2026-07-05T11:54:43.104+07:00  INFO 64171 --- [vision-mapping-backend] [           main] o.f.c.i.s.JdbcTableSchemaHistory         : Creating Schema History table "public"."flyway_schema_history" ...
2026-07-05T11:54:43.119+07:00  INFO 64171 --- [vision-mapping-backend] [           main] o.f.core.internal.command.DbMigrate      : Current version of schema "public": << Empty Schema >>
2026-07-05T11:54:43.121+07:00  INFO 64171 --- [vision-mapping-backend] [           main] o.f.core.internal.command.DbMigrate      : Migrating schema "public" to version "1 - backend foundation"
2026-07-05T11:54:43.137+07:00  INFO 64171 --- [vision-mapping-backend] [           main] o.f.core.internal.command.DbMigrate      : Migrating schema "public" to version "2 - core data model"
2026-07-05T11:54:43.152+07:00  INFO 64171 --- [vision-mapping-backend] [           main] o.f.core.internal.command.DbMigrate      : Migrating schema "public" to version "3 - soft delete reviews and progress logs"
2026-07-05T11:54:43.160+07:00  INFO 64171 --- [vision-mapping-backend] [           main] o.f.core.internal.command.DbMigrate      : Successfully applied 3 migrations to schema "public", now at version v3 (execution time 00:00.017s)
2026-07-05T11:54:43.195+07:00  INFO 64171 --- [vision-mapping-backend] [           main] o.hibernate.jpa.internal.util.LogHelper  : HHH000204: Processing PersistenceUnitInfo [name: default]
2026-07-05T11:54:43.216+07:00  INFO 64171 --- [vision-mapping-backend] [           main] org.hibernate.Version                    : HHH000412: Hibernate ORM core version 6.6.18.Final
2026-07-05T11:54:43.229+07:00  INFO 64171 --- [vision-mapping-backend] [           main] o.h.c.internal.RegionFactoryInitiator    : HHH000026: Second-level cache disabled
2026-07-05T11:54:43.283+07:00  INFO 64171 --- [vision-mapping-backend] [           main] o.s.o.j.p.SpringPersistenceUnitInfo      : No LoadTimeWeaver setup: ignoring JPA class transformer
2026-07-05T11:54:43.300+07:00  WARN 64171 --- [vision-mapping-backend] [           main] org.hibernate.orm.deprecation            : HHH90000025: H2Dialect does not need to be specified explicitly using 'hibernate.dialect' (remove the property setting and it will be selected by default)
2026-07-05T11:54:43.305+07:00  INFO 64171 --- [vision-mapping-backend] [           main] org.hibernate.orm.connections.pooling    : HHH10001005: Database info:
	Database JDBC URL [Connecting through datasource 'HikariDataSource (HikariPool-1)']
	Database driver: undefined/unknown
	Database version: 2.3.232
	Autocommit mode: undefined/unknown
	Isolation level: undefined/unknown
	Minimum pool size: undefined/unknown
	Maximum pool size: undefined/unknown
2026-07-05T11:54:43.703+07:00  INFO 64171 --- [vision-mapping-backend] [           main] o.h.e.t.j.p.i.JtaPlatformInitiator       : HHH000489: No JTA platform available (set 'hibernate.transaction.jta.platform' to enable JTA platform integration)
2026-07-05T11:54:43.712+07:00  INFO 64171 --- [vision-mapping-backend] [           main] j.LocalContainerEntityManagerFactoryBean : Initialized JPA EntityManagerFactory for persistence unit 'default'
2026-07-05T11:54:43.840+07:00  INFO 64171 --- [vision-mapping-backend] [           main] eAuthenticationProviderManagerConfigurer : Global AuthenticationManager configured with AuthenticationProvider bean with name authenticationProvider
2026-07-05T11:54:43.840+07:00  WARN 64171 --- [vision-mapping-backend] [           main] r$InitializeUserDetailsManagerConfigurer : Global AuthenticationManager configured with an AuthenticationProvider bean. UserDetailsService beans will not be used by Spring Security for automatically configuring username/password login. Consider removing the AuthenticationProvider bean. Alternatively, consider using the UserDetailsService in a manually instantiated DaoAuthenticationProvider. If the current configuration is intentional, to turn off this warning, increase the logging level of 'org.springframework.security.config.annotation.authentication.configuration.InitializeUserDetailsBeanManagerConfigurer' to ERROR
2026-07-05T11:54:44.223+07:00  INFO 64171 --- [vision-mapping-backend] [           main] o.s.b.t.m.w.SpringBootMockServletContext : Initializing Spring TestDispatcherServlet ''
2026-07-05T11:54:44.223+07:00  INFO 64171 --- [vision-mapping-backend] [           main] o.s.t.web.servlet.TestDispatcherServlet  : Initializing Servlet ''
2026-07-05T11:54:44.224+07:00  INFO 64171 --- [vision-mapping-backend] [           main] o.s.t.web.servlet.TestDispatcherServlet  : Completed initialization in 1 ms
2026-07-05T11:54:44.238+07:00  INFO 64171 --- [vision-mapping-backend] [           main] c.v.controller.HealthControllerTests     : Started HealthControllerTests in 1.931 seconds (process running for 2.747)
]]></system-out>
  </testcase>
</testsuite>